2023-11-06 11:03:09,961 - DEBUG - Máquina ace iniciada.
2023-11-06 11:03:09,961 - DEBUG - --------------------------------------------------

2023-11-06 11:03:16,331 - DEBUG - Pacote recebido. Iniciando processamento...

2023-11-06 11:03:16,331 - DEBUG - Token recebido.
2023-11-06 11:03:16,331 - DEBUG - segurando o token por 5 segundos...
2023-11-06 11:03:21,337 - DEBUG - enviando mensagem...
2023-11-06 11:03:21,337 - DEBUG - Enviando pacote de dados...
2023-11-06 11:03:21,338 - DEBUG - Pacote de dados enviado.
2023-11-06 11:03:21,338 - DEBUG - --------------------------------------------------

2023-11-06 11:03:21,339 - DEBUG - Pacote recebido. Iniciando processamento...

2023-11-06 11:03:21,339 - DEBUG - Pacote de volta!
2023-11-06 11:03:21,339 - DEBUG - Mensagem contida no pacote: oi bob 1

2023-11-06 11:03:21,339 - DEBUG - Mensagem enviada foi recebida pelo destino!
2023-11-06 11:03:21,339 - DEBUG - pacote removido da fila
2023-11-06 11:03:21,340 - DEBUG - passando o token...
2023-11-06 11:03:21,340 - DEBUG - Enviando token...
2023-11-06 11:03:21,340 - DEBUG - Token enviado.
2023-11-06 11:03:21,340 - DEBUG - --------------------------------------------------

2023-11-06 11:03:26,346 - DEBUG - Pacote recebido. Iniciando processamento...

2023-11-06 11:03:26,347 - DEBUG - Pacote para mim!
2023-11-06 11:03:26,347 - DEBUG - Mensagem recebida com sucesso! Conteúdo: oi ace 1
2023-11-06 11:03:26,347 - DEBUG - Enviando pacote de volta...

2023-11-06 11:03:26,347 - DEBUG - --------------------------------------------------

2023-11-06 11:03:26,347 - DEBUG - Enviando pacote de dados...
2023-11-06 11:03:26,347 - DEBUG - Pacote de dados enviado.
2023-11-06 11:03:26,347 - DEBUG - --------------------------------------------------

2023-11-06 11:03:26,348 - DEBUG - Pacote recebido. Iniciando processamento...

2023-11-06 11:03:26,348 - DEBUG - Token recebido.
2023-11-06 11:03:26,348 - DEBUG - segurando o token por 5 segundos...
2023-11-06 11:03:31,353 - DEBUG - enviando mensagem...
2023-11-06 11:03:31,354 - DEBUG - Enviando pacote de dados...
2023-11-06 11:03:31,354 - DEBUG - Pacote de dados enviado.
2023-11-06 11:03:31,354 - DEBUG - --------------------------------------------------

2023-11-06 11:03:31,355 - DEBUG - Pacote recebido. Iniciando processamento...

2023-11-06 11:03:31,356 - DEBUG - Pacote de volta!
2023-11-06 11:03:31,356 - DEBUG - Mensagem contida no pacote: oi bob 2

2023-11-06 11:03:31,356 - DEBUG - Mensagem enviada foi recebida pelo destino!
2023-11-06 11:03:31,356 - DEBUG - pacote removido da fila
2023-11-06 11:03:31,356 - DEBUG - passando o token...
2023-11-06 11:03:31,356 - DEBUG - Enviando token...
2023-11-06 11:03:31,356 - DEBUG - Token enviado.
2023-11-06 11:03:31,356 - DEBUG - --------------------------------------------------

2023-11-06 11:03:36,360 - DEBUG - Pacote recebido. Iniciando processamento...

2023-11-06 11:03:36,360 - DEBUG - Pacote para mim!
2023-11-06 11:03:36,360 - DEBUG - Mensagem recebida com sucesso! Conteúdo: oi ace 2
2023-11-06 11:03:36,360 - DEBUG - Enviando pacote de volta...

2023-11-06 11:03:36,360 - DEBUG - --------------------------------------------------

2023-11-06 11:03:36,360 - DEBUG - Enviando pacote de dados...
2023-11-06 11:03:36,360 - DEBUG - Pacote de dados enviado.
2023-11-06 11:03:36,360 - DEBUG - --------------------------------------------------

2023-11-06 11:03:36,361 - DEBUG - Pacote recebido. Iniciando processamento...

2023-11-06 11:03:36,361 - DEBUG - Token recebido.
2023-11-06 11:03:36,361 - DEBUG - segurando o token por 5 segundos...
2023-11-06 11:03:41,366 - DEBUG - enviando mensagem...
2023-11-06 11:03:41,366 - DEBUG - Enviando pacote de dados...
2023-11-06 11:03:41,366 - DEBUG - Pacote de dados enviado.
2023-11-06 11:03:41,366 - DEBUG - --------------------------------------------------

2023-11-06 11:03:41,367 - DEBUG - Pacote recebido. Iniciando processamento...

2023-11-06 11:03:41,367 - DEBUG - Pacote de volta!
2023-11-06 11:03:41,367 - DEBUG - Mensagem contida no pacote: oi bob 3

2023-11-06 11:03:41,367 - DEBUG - Mensagem enviada foi recebida pelo destino!
2023-11-06 11:03:41,367 - DEBUG - pacote removido da fila
2023-11-06 11:03:41,367 - DEBUG - passando o token...
2023-11-06 11:03:41,367 - DEBUG - Enviando token...
2023-11-06 11:03:41,367 - DEBUG - Token enviado.
2023-11-06 11:03:41,367 - DEBUG - --------------------------------------------------

2023-11-06 11:03:46,374 - DEBUG - Pacote recebido. Iniciando processamento...

2023-11-06 11:03:46,374 - DEBUG - Pacote para mim!
2023-11-06 11:03:46,374 - DEBUG - Mensagem recebida com sucesso! Conteúdo: oi ace 3
2023-11-06 11:03:46,374 - DEBUG - Enviando pacote de volta...

2023-11-06 11:03:46,374 - DEBUG - --------------------------------------------------

2023-11-06 11:03:46,374 - DEBUG - Enviando pacote de dados...
2023-11-06 11:03:46,375 - DEBUG - Pacote de dados enviado.
2023-11-06 11:03:46,375 - DEBUG - --------------------------------------------------

2023-11-06 11:03:46,376 - DEBUG - Pacote recebido. Iniciando processamento...

2023-11-06 11:03:46,376 - DEBUG - Token recebido.
2023-11-06 11:03:46,376 - DEBUG - segurando o token por 5 segundos...
2023-11-06 11:03:51,380 - DEBUG - enviando mensagem...
2023-11-06 11:03:51,381 - DEBUG - Enviando pacote de dados...
2023-11-06 11:03:51,381 - DEBUG - Pacote de dados enviado.
2023-11-06 11:03:51,381 - DEBUG - --------------------------------------------------

2023-11-06 11:03:51,383 - DEBUG - Pacote recebido. Iniciando processamento...

2023-11-06 11:03:51,383 - DEBUG - Pacote de volta!
2023-11-06 11:03:51,383 - DEBUG - Mensagem contida no pacote: Fala bob, vamos tomar um cafe? 

2023-11-06 11:03:51,383 - DEBUG - Mensagem enviada foi recebida pelo destino!
2023-11-06 11:03:51,383 - DEBUG - pacote removido da fila
2023-11-06 11:03:51,383 - DEBUG - passando o token...
2023-11-06 11:03:51,383 - DEBUG - Enviando token...
2023-11-06 11:03:51,383 - DEBUG - Token enviado.
2023-11-06 11:03:51,383 - DEBUG - --------------------------------------------------

2023-11-06 11:03:56,390 - DEBUG - Pacote recebido. Iniciando processamento...

2023-11-06 11:03:56,390 - DEBUG - Pacote para mim!
2023-11-06 11:03:56,390 - DEBUG - Mensagem recebida com sucesso! Conteúdo: Oi ace, vamos sim! Qual cafeteria? 
2023-11-06 11:03:56,391 - DEBUG - Enviando pacote de volta...

2023-11-06 11:03:56,391 - DEBUG - --------------------------------------------------

2023-11-06 11:03:56,391 - DEBUG - Enviando pacote de dados...
2023-11-06 11:03:56,391 - DEBUG - Pacote de dados enviado.
2023-11-06 11:03:56,391 - DEBUG - --------------------------------------------------

2023-11-06 11:03:56,392 - DEBUG - Pacote recebido. Iniciando processamento...

2023-11-06 11:03:56,392 - DEBUG - Token recebido.
2023-11-06 11:03:56,392 - DEBUG - Nenhuma mensagem para enviar, segurando o token por 5 segundos...

2023-11-06 11:03:56,392 - DEBUG - --------------------------------------------------

2023-11-06 11:04:01,397 - DEBUG - Enviando token...
2023-11-06 11:04:01,398 - DEBUG - Token enviado.
2023-11-06 11:04:01,398 - DEBUG - --------------------------------------------------

2023-11-06 11:04:06,404 - DEBUG - Pacote recebido. Iniciando processamento...

2023-11-06 11:04:06,404 - DEBUG - Token recebido.
2023-11-06 11:04:06,404 - DEBUG - segurando o token por 5 segundos...
2023-11-06 11:04:11,409 - DEBUG - enviando mensagem...
2023-11-06 11:04:11,410 - DEBUG - Enviando pacote de dados...
2023-11-06 11:04:11,410 - DEBUG - Erro introduzido no pacote com destino: bob
2023-11-06 11:04:11,410 - DEBUG - Pacote de dados enviado.
2023-11-06 11:04:11,410 - DEBUG - --------------------------------------------------

2023-11-06 11:04:11,412 - DEBUG - Pacote recebido. Iniciando processamento...

2023-11-06 11:04:11,412 - DEBUG - Pacote de volta!
2023-11-06 11:04:11,412 - DEBUG - Mensagem contida no pacote: Vamos no starbucks do barra! 

2023-11-06 11:04:11,412 - DEBUG - Mensagem enviada foi recebida pelo destino!
2023-11-06 11:04:11,412 - DEBUG - pacote removido da fila
2023-11-06 11:04:11,412 - DEBUG - passando o token...
2023-11-06 11:04:11,412 - DEBUG - Enviando token...
2023-11-06 11:04:11,412 - DEBUG - Token enviado.
2023-11-06 11:04:11,412 - DEBUG - --------------------------------------------------

2023-11-06 11:04:16,419 - DEBUG - Pacote recebido. Iniciando processamento...

2023-11-06 11:04:16,419 - DEBUG - Token recebido.
2023-11-06 11:04:16,419 - DEBUG - Nenhuma mensagem para enviar, segurando o token por 5 segundos...

2023-11-06 11:04:16,419 - DEBUG - --------------------------------------------------

2023-11-06 11:04:21,424 - DEBUG - Enviando token...
2023-11-06 11:04:21,425 - DEBUG - Token enviado.
2023-11-06 11:04:21,425 - DEBUG - --------------------------------------------------

2023-11-06 11:04:26,431 - DEBUG - Pacote recebido. Iniciando processamento...

2023-11-06 11:04:26,431 - DEBUG - Token recebido.
2023-11-06 11:04:26,431 - DEBUG - Nenhuma mensagem para enviar, segurando o token por 5 segundos...

2023-11-06 11:04:26,431 - DEBUG - --------------------------------------------------

2023-11-06 11:04:31,436 - DEBUG - Enviando token...
2023-11-06 11:04:31,437 - DEBUG - Token enviado.
2023-11-06 11:04:31,437 - DEBUG - --------------------------------------------------

2023-11-06 11:04:36,439 - DEBUG - Pacote recebido. Iniciando processamento...

2023-11-06 11:04:36,439 - DEBUG - Enviando pacote de dados...
2023-11-06 11:04:36,439 - DEBUG - Pacote de dados enviado.
2023-11-06 11:04:36,440 - DEBUG - --------------------------------------------------

2023-11-06 11:04:36,440 - DEBUG - Pacote recebido. Iniciando processamento...

2023-11-06 11:04:36,440 - DEBUG - Token recebido.
2023-11-06 11:04:36,441 - DEBUG - Nenhuma mensagem para enviar, segurando o token por 5 segundos...

2023-11-06 11:04:36,441 - DEBUG - --------------------------------------------------

2023-11-06 11:04:41,446 - DEBUG - Enviando token...
2023-11-06 11:04:41,446 - DEBUG - Token enviado.
2023-11-06 11:04:41,447 - DEBUG - --------------------------------------------------

2023-11-06 11:04:46,450 - DEBUG - Pacote recebido. Iniciando processamento...

2023-11-06 11:04:46,451 - DEBUG - Token recebido.
2023-11-06 11:04:46,451 - DEBUG - Nenhuma mensagem para enviar, segurando o token por 5 segundos...

2023-11-06 11:04:46,451 - DEBUG - --------------------------------------------------

2023-11-06 11:04:51,452 - DEBUG - Enviando token...
2023-11-06 11:04:51,452 - DEBUG - Token enviado.
2023-11-06 11:04:51,452 - DEBUG - --------------------------------------------------

2023-11-06 11:04:56,459 - DEBUG - Pacote recebido. Iniciando processamento...

2023-11-06 11:04:56,459 - DEBUG - Token recebido.
2023-11-06 11:04:56,459 - DEBUG - Nenhuma mensagem para enviar, segurando o token por 5 segundos...

2023-11-06 11:04:56,459 - DEBUG - --------------------------------------------------

2023-11-06 11:05:01,464 - DEBUG - Enviando token...
2023-11-06 11:05:01,465 - DEBUG - Token enviado.
2023-11-06 11:05:01,465 - DEBUG - --------------------------------------------------

2023-11-06 11:05:06,471 - DEBUG - Pacote recebido. Iniciando processamento...

2023-11-06 11:05:06,471 - DEBUG - Token recebido.
2023-11-06 11:05:06,471 - DEBUG - Nenhuma mensagem para enviar, segurando o token por 5 segundos...

2023-11-06 11:05:06,471 - DEBUG - --------------------------------------------------

2023-11-06 11:05:11,476 - DEBUG - Enviando token...
2023-11-06 11:05:11,477 - DEBUG - Token enviado.
2023-11-06 11:05:11,477 - DEBUG - --------------------------------------------------

2023-11-06 11:05:16,484 - DEBUG - Pacote recebido. Iniciando processamento...

2023-11-06 11:05:16,484 - DEBUG - Token recebido.
2023-11-06 11:05:16,484 - DEBUG - Nenhuma mensagem para enviar, segurando o token por 5 segundos...

2023-11-06 11:05:16,484 - DEBUG - --------------------------------------------------

2023-11-06 11:05:21,488 - DEBUG - Enviando token...
2023-11-06 11:05:21,489 - DEBUG - Token enviado.
2023-11-06 11:05:21,489 - DEBUG - --------------------------------------------------

